<?xml version="1.0" encoding="UTF-8"?>
<testsuite name="com.sparta.homework.HomeworkApplicationTests" tests="1" skipped="0" failures="0" errors="0" timestamp="2022-07-27T06:20:59" hostname="yujehuiui-MacBookPro.local" time="0.164">
  <properties/>
  <testcase name="contextLoads()" classname="com.sparta.homework.HomeworkApplicationTests" time="0.164"/>
  <system-out><![CDATA[15:20:56.153 [Test worker] DEBUG org.springframework.test.context.BootstrapUtils - Instantiating CacheAwareContextLoaderDelegate from class [org.springframework.test.context.cache.DefaultCacheAwareContextLoaderDelegate]
15:20:56.164 [Test worker] DEBUG org.springframework.test.context.BootstrapUtils - Instantiating BootstrapContext using constructor [public org.springframework.test.context.support.DefaultBootstrapContext(java.lang.Class,org.springframework.test.context.CacheAwareContextLoaderDelegate)]
15:20:56.198 [Test worker] DEBUG org.springframework.test.context.BootstrapUtils - Instantiating TestContextBootstrapper for test class [com.sparta.homework.HomeworkApplicationTests] from class [org.springframework.boot.test.context.SpringBootTestContextBootstrapper]
15:20:56.208 [Test worker] INFO org.springframework.boot.test.context.SpringBootTestContextBootstrapper - Neither @ContextConfiguration nor @ContextHierarchy found for test class [com.sparta.homework.HomeworkApplicationTests], using SpringBootContextLoader
15:20:56.211 [Test worker] DEBUG org.springframework.test.context.support.AbstractContextLoader - Did not detect default resource location for test class [com.sparta.homework.HomeworkApplicationTests]: class path resource [com/sparta/homework/HomeworkApplicationTests-context.xml] does not exist
15:20:56.211 [Test worker] DEBUG org.springframework.test.context.support.AbstractContextLoader - Did not detect default resource location for test class [com.sparta.homework.HomeworkApplicationTests]: class path resource [com/sparta/homework/HomeworkApplicationTestsContext.groovy] does not exist
15:20:56.211 [Test worker] INFO org.springframework.test.context.support.AbstractContextLoader - Could not detect default resource locations for test class [com.sparta.homework.HomeworkApplicationTests]: no resource found for suffixes {-context.xml, Context.groovy}.
15:20:56.212 [Test worker] INFO org.springframework.test.context.support.AnnotationConfigContextLoaderUtils - Could not detect default configuration classes for test class [com.sparta.homework.HomeworkApplicationTests]: HomeworkApplicationTests does not declare any static, non-private, non-final, nested classes annotated with @Configuration.
15:20:56.249 [Test worker] DEBUG org.springframework.test.context.support.ActiveProfilesUtils - Could not find an 'annotation declaring class' for annotation type [org.springframework.test.context.ActiveProfiles] and class [com.sparta.homework.HomeworkApplicationTests]
15:20:56.302 [Test worker] DEBUG org.springframework.context.annotation.ClassPathScanningCandidateComponentProvider - Identified candidate component class: file [/Users/jay/sparta-spring/homework/build/classes/java/main/com/sparta/homework/HomeworkApplication.class]
15:20:56.303 [Test worker] INFO org.springframework.boot.test.context.SpringBootTestContextBootstrapper - Found @SpringBootConfiguration com.sparta.homework.HomeworkApplication for test class com.sparta.homework.HomeworkApplicationTests
15:20:56.379 [Test worker] DEBUG org.springframework.boot.test.context.SpringBootTestContextBootstrapper - @TestExecutionListeners is not present for class [com.sparta.homework.HomeworkApplicationTests]: using defaults.
15:20:56.379 [Test worker] INFO org.springframework.boot.test.context.SpringBootTestContextBootstrapper - Loaded default TestExecutionListener class names from location [META-INF/spring.factories]: [org.springframework.boot.test.autoconfigure.restdocs.RestDocsTestExecutionListener, org.springframework.boot.test.autoconfigure.web.client.MockRestServiceServerResetTestExecutionListener, org.springframework.boot.test.autoconfigure.web.servlet.MockMvcPrintOnlyOnFailureTestExecutionListener, org.springframework.boot.test.autoconfigure.web.servlet.WebDriverTestExecutionListener, org.springframework.boot.test.autoconfigure.webservices.client.MockWebServiceServerTestExecutionListener, org.springframework.boot.test.mock.mockito.MockitoTestExecutionListener, org.springframework.boot.test.mock.mockito.ResetMocksTestExecutionListener, org.springframework.test.context.web.ServletTestExecutionListener, org.springframework.test.context.support.DirtiesContextBeforeModesTestExecutionListener, org.springframework.test.context.event.ApplicationEventsTestExecutionListener, org.springframework.test.context.support.DependencyInjectionTestExecutionListener, org.springframework.test.context.support.DirtiesContextTestExecutionListener, org.springframework.test.context.transaction.TransactionalTestExecutionListener, org.springframework.test.context.jdbc.SqlScriptsTestExecutionListener, org.springframework.test.context.event.EventPublishingTestExecutionListener]
15:20:56.395 [Test worker] INFO org.springframework.boot.test.context.SpringBootTestContextBootstrapper - Using TestExecutionListeners: [org.springframework.test.context.web.ServletTestExecutionListener@3b77a04f, org.springframework.test.context.support.DirtiesContextBeforeModesTestExecutionListener@7b324585, org.springframework.test.context.event.ApplicationEventsTestExecutionListener@2e11485, org.springframework.boot.test.mock.mockito.MockitoTestExecutionListener@60dce7ea, org.springframework.boot.test.autoconfigure.SpringBootDependencyInjectionTestExecutionListener@662f5666, org.springframework.test.context.support.DirtiesContextTestExecutionListener@fd8294b, org.springframework.test.context.transaction.TransactionalTestExecutionListener@5974109, org.springframework.test.context.jdbc.SqlScriptsTestExecutionListener@27305e6, org.springframework.test.context.event.EventPublishingTestExecutionListener@1ef3efa8, org.springframework.boot.test.autoconfigure.restdocs.RestDocsTestExecutionListener@502f1f4c, org.springframework.boot.test.autoconfigure.web.client.MockRestServiceServerResetTestExecutionListener@6f8f9349, org.springframework.boot.test.autoconfigure.web.servlet.MockMvcPrintOnlyOnFailureTestExecutionListener@75c9e76b, org.springframework.boot.test.autoconfigure.web.servlet.WebDriverTestExecutionListener@7446d8d5, org.springframework.boot.test.autoconfigure.webservices.client.MockWebServiceServerTestExecutionListener@5c3b6c6e, org.springframework.boot.test.mock.mockito.ResetMocksTestExecutionListener@4fbda97b]
15:20:56.398 [Test worker] DEBUG org.springframework.test.context.support.AbstractDirtiesContextTestExecutionListener - Before test class: context [DefaultTestContext@7a791b66 testClass = HomeworkApplicationTests, testInstance = [null], testMethod = [null], testException = [null], mergedContextConfiguration = [WebMergedContextConfiguration@6f2cb653 testClass = HomeworkApplicationTests, locations = '{}', classes = '{class com.sparta.homework.HomeworkApplication}', contextInitializerClasses = '[]', activeProfiles = '{}', propertySourceLocations = '{}', propertySourceProperties = '{org.springframework.boot.test.context.SpringBootTestContextBootstrapper=true}', contextCustomizers = set[org.springframework.boot.test.autoconfigure.actuate.metrics.MetricsExportContextCustomizerFactory$DisableMetricExportContextCustomizer@119cbf96, org.springframework.boot.test.autoconfigure.properties.PropertyMappingContextCustomizer@0, org.springframework.boot.test.autoconfigure.web.servlet.WebDriverContextCustomizerFactory$Customizer@95e33cc, org.springframework.boot.test.context.filter.ExcludeFilterContextCustomizer@31add175, org.springframework.boot.test.json.DuplicateJsonObjectContextCustomizerFactory$DuplicateJsonObjectContextCustomizer@7922d892, org.springframework.boot.test.mock.mockito.MockitoContextCustomizer@0, org.springframework.boot.test.web.client.TestRestTemplateContextCustomizer@5b367418, org.springframework.boot.test.context.SpringBootTestArgs@1, org.springframework.boot.test.context.SpringBootTestWebEnvironment@158a8276], resourceBasePath = 'src/main/webapp', contextLoader = 'org.springframework.boot.test.context.SpringBootContextLoader', parent = [null]], attributes = map['org.springframework.test.context.web.ServletTestExecutionListener.activateListener' -> true]], class annotated with @DirtiesContext [false] with mode [null].

  .   ____          _            __ _ _
 /\\ / ___'_ __ _ _(_)_ __  __ _ \ \ \ \
( ( )\___ | '_ | '_| | '_ \/ _` | \ \ \ \
 \\/  ___)| |_)| | | | | || (_| |  ) ) ) )
  '  |____| .__|_| |_|_| |_\__, | / / / /
 =========|_|==============|___/=/_/_/_/
 :: Spring Boot ::                (v2.7.2)

2022-07-27 15:20:56.656  INFO 28888 --- [    Test worker] c.s.homework.HomeworkApplicationTests    : Starting HomeworkApplicationTests using Java 18.0.1.1 on yujehuiui-MacBookPro.local with PID 28888 (started by jay in /Users/jay/sparta-spring/homework)
2022-07-27 15:20:56.658  INFO 28888 --- [    Test worker] c.s.homework.HomeworkApplicationTests    : No active profile set, falling back to 1 default profile: "default"
2022-07-27 15:20:57.261  INFO 28888 --- [    Test worker] .s.d.r.c.RepositoryConfigurationDelegate : Bootstrapping Spring Data JPA repositories in DEFAULT mode.
2022-07-27 15:20:57.300  INFO 28888 --- [    Test worker] .s.d.r.c.RepositoryConfigurationDelegate : Finished Spring Data repository scanning in 32 ms. Found 1 JPA repository interfaces.
2022-07-27 15:20:57.801  INFO 28888 --- [    Test worker] o.hibernate.jpa.internal.util.LogHelper  : HHH000204: Processing PersistenceUnitInfo [name: default]
2022-07-27 15:20:57.855  INFO 28888 --- [    Test worker] org.hibernate.Version                    : HHH000412: Hibernate ORM core version 5.6.10.Final
2022-07-27 15:20:58.024  INFO 28888 --- [    Test worker] o.hibernate.annotations.common.Version   : HCANN000001: Hibernate Commons Annotations {5.1.2.Final}
2022-07-27 15:20:58.098  INFO 28888 --- [    Test worker] com.zaxxer.hikari.HikariDataSource       : HikariPool-1 - Starting...
2022-07-27 15:20:58.521  INFO 28888 --- [    Test worker] com.zaxxer.hikari.HikariDataSource       : HikariPool-1 - Start completed.
2022-07-27 15:20:58.542  INFO 28888 --- [    Test worker] org.hibernate.dialect.Dialect            : HHH000400: Using dialect: org.hibernate.dialect.MySQL8Dialect
2022-07-27 15:20:58.988  INFO 28888 --- [    Test worker] o.h.e.t.j.p.i.JtaPlatformInitiator       : HHH000490: Using JtaPlatform implementation: [org.hibernate.engine.transaction.jta.platform.internal.NoJtaPlatform]
2022-07-27 15:20:58.995  INFO 28888 --- [    Test worker] j.LocalContainerEntityManagerFactoryBean : Initialized JPA EntityManagerFactory for persistence unit 'default'
2022-07-27 15:20:59.415  WARN 28888 --- [    Test worker] JpaBaseConfiguration$JpaWebConfiguration : spring.jpa.open-in-view is enabled by default. Therefore, database queries may be performed during view rendering. Explicitly configure spring.jpa.open-in-view to disable this warning
2022-07-27 15:20:59.799  INFO 28888 --- [    Test worker] c.s.homework.HomeworkApplicationTests    : Started HomeworkApplicationTests in 3.372 seconds (JVM running for 4.51)
]]></system-out>
  <system-err><![CDATA[]]></system-err>
</testsuite>
